<?xml version="1.0" encoding="UTF-8"?>
<!-- Generated by org.testng.reporters.JUnitReportReporter -->
<testsuite hostname="LAPTOP-LJ2EJ257" failures="0" tests="1" name="com.qa.testLayer.LogOutTest" time="8.370" errors="0" timestamp="2022-09-11T12:53:43 IST" skipped="0">
  <testcase classname="com.qa.testLayer.LogOutTest" name="verifyLogOut" time="8.370"/>
  <system-out/>
</testsuite> <!-- com.qa.testLayer.LogOutTest -->
